<?xml version="1.0" encoding="UTF-8"?>
<testsuite xmlns:xsi="http://www.w3.org/2001/XMLSchema-instance" xsi:noNamespaceSchemaLocation="https://maven.apache.org/surefire/maven-surefire-plugin/xsd/surefire-test-report-3.0.xsd" version="3.0" name="com.ceylin.companyorganizationSoftware.CompanyorganizationSoftwareApplicationTests" time="2.74" tests="1" errors="0" skipped="0" failures="0">
  <properties>
[...]
</properties>
  <testcase name="contextLoads" classname="com.ceylin.companyorganizationSoftware.CompanyorganizationSoftwareApplicationTests" time="0.665">
    <system-out><![CDATA[16:05:16.188 [main] INFO org.springframework.test.context.support.AnnotationConfigContextLoaderUtils -- Could not detect default configuration classes for test class [com.ceylin.companyorganizationSoftware.CompanyorganizationSoftwareApplicationTests]: CompanyorganizationSoftwareApplicationTests does not declare any static, non-private, non-final, nested classes annotated with @Configuration.
16:05:16.271 [main] INFO org.springframework.boot.test.context.SpringBootTestContextBootstrapper -- Found @SpringBootConfiguration com.ceylin.companyorganizationSoftware.CompanyorganizationSoftwareApplication for test class com.ceylin.companyorganizationSoftware.CompanyorganizationSoftwareApplicationTests
16:05:16.408 [main] INFO org.springframework.boot.devtools.restart.RestartApplicationListener -- Restart disabled due to context in which it is running

  .   ____          _            __ _ _
 /\\ / ___'_ __ _ _(_)_ __  __ _ \ \ \ \
( ( )\___ | '_ | '_| | '_ \/ _` | \ \ \ \
 \\/  ___)| |_)| | | | | || (_| |  ) ) ) )
  '  |____| .__|_| |_|_| |_\__, | / / / /
 =========|_|==============|___/=/_/_/_/

 :: Spring Boot ::                (v3.3.1)

2024-07-17T16:05:16.681+03:00  INFO 14704 --- [companyorganizationSoftware] [           main] panyorganizationSoftwareApplicationTests : Starting CompanyorganizationSoftwareApplicationTests using Java 22.0.1 with PID 14704 (started by Ceylin in C:\Users\ceyli\Desktop\companyorganizationSoftware (2)\companyorganizationSoftware)
2024-07-17T16:05:16.682+03:00  INFO 14704 --- [companyorganizationSoftware] [           main] panyorganizationSoftwareApplicationTests : No active profile set, falling back to 1 default profile: "default"
2024-07-17T16:05:17.759+03:00  WARN 14704 --- [companyorganizationSoftware] [           main] .s.s.UserDetailsServiceAutoConfiguration : 

Using generated security password: 71f857f0-5c04-4607-ba85-696e148cdecf

This generated password is for development use only. Your security configuration must be updated before running your application in production.

2024-07-17T16:05:17.784+03:00  INFO 14704 --- [companyorganizationSoftware] [           main] r$InitializeUserDetailsManagerConfigurer : Global AuthenticationManager configured with UserDetailsService bean with name inMemoryUserDetailsManager
2024-07-17T16:05:17.910+03:00  INFO 14704 --- [companyorganizationSoftware] [           main] panyorganizationSoftwareApplicationTests : Started CompanyorganizationSoftwareApplicationTests in 1.514 seconds (process running for 2.297)
]]></system-out>
    <system-err><![CDATA[WARNING: A Java agent has been loaded dynamically (C:\Users\ceyli\.m2\repository\net\bytebuddy\byte-buddy-agent\1.14.17\byte-buddy-agent-1.14.17.jar)
WARNING: If a serviceability tool is in use, please run with -XX:+EnableDynamicAgentLoading to hide this warning
WARNING: If a serviceability tool is not in use, please run with -Djdk.instrument.traceUsage for more information
WARNING: Dynamic loading of agents will be disallowed by default in a future release
]]></system-err>
  </testcase>
</testsuite>